<?xml version="1.0" encoding="UTF-8"?>
<!-- Generated by org.testng.reporters.JUnitReportReporter -->
<testsuite skipped="0" hostname="MSI-L1344" name="scripts.TestInvalidLogin" tests="1" failures="0" timestamp="03 Dec 2017 08:14:16 GMT" time="16.537" errors="0">
  <testcase name="testInvalidLogin" time="16.537" classname="scripts.TestInvalidLogin"/>
</testsuite> <!-- scripts.TestInvalidLogin -->
