<?xml version="1.0" encoding="UTF-8"?>
<!-- Generated by org.testng.reporters.JUnitReportReporter -->
<testsuite skipped="0" hostname="MSI-L1344" name="scripts.TestLogin" tests="1" failures="0" timestamp="03 Dec 2017 08:14:16 GMT" time="19.385" errors="0">
  <testcase name="testLogin" time="19.385" classname="scripts.TestLogin"/>
</testsuite> <!-- scripts.TestLogin -->
